Arguments: 
  C:\Program Files\nodejs\node.exe C:\Users\arijt\AppData\Roaming\npm\node_modules\yarn\bin\yarn.js init

PATH: 
  C:\Users\arijt\bin;C:\Program Files\Git\mingw32\bin;C:\Program Files\Git\usr\local\bin;C:\Program Files\Git\usr\bin;C:\Program Files\Git\usr\bin;C:\Program Files\Git\mingw32\bin;C:\Program Files\Git\usr\bin;C:\Users\arijt\bin;C:\Program Files\Common Files\Oracle\Java\javapath;C:\WINDOWS\system32;C:\WINDOWS;C:\WINDOWS\System32\Wbem;C:\WINDOWS\System32\WindowsPowerShell\v1.0;C:\WINDOWS\System32\OpenSSH;C:\Program Files\nodejs;C:\Program Files\Git\cmd;C:\Users\arijt\AppData\Local\Microsoft\WindowsApps;C:\Users\arijt\AppData\Local\Programs\Microsoft VS Code\bin;C:\Users\arijt\AppData\Roaming\npm;C:\Program Files\heroku\bin;C:\Program Files\Git\usr\bin\vendor_perl;C:\Program Files\Git\usr\bin\core_perl

Yarn version: 
  1.22.4

Node version: 
  12.16.1

Platform: 
  win32 ia32

Trace: 
  Error: Can't answer a question unless a user TTY
      at ConsoleReporter.question (C:\Users\arijt\AppData\Roaming\npm\node_modules\yarn\lib\cli.js:96800:59)
      at Object.<anonymous> (C:\Users\arijt\AppData\Roaming\npm\node_modules\yarn\lib\cli.js:89075:38)
      at Generator.next (<anonymous>)
      at step (C:\Users\arijt\AppData\Roaming\npm\node_modules\yarn\lib\cli.js:310:30)
      at C:\Users\arijt\AppData\Roaming\npm\node_modules\yarn\lib\cli.js:321:13

npm manifest: 
  {
    "name": "indecision-app",
    "version": "1.0.0",
    "description": "",
    "main": "index.js",
    "scripts": {
      "test": "echo \"Error: no test specified\" && exit 1"
    },
    "author": "",
    "license": "ISC"
  }

yarn manifest: 
  No manifest

Lockfile: 
  No lockfile
